d:\downloads\leagueplusplus-master (1)\leagueplusplus-master\seans kit\seans kit\release\vc141.pdb
d:\downloads\leagueplusplus-master (1)\leagueplusplus-master\seans kit\seans kit\release\utilities.obj
d:\downloads\leagueplusplus-master (1)\leagueplusplus-master\seans kit\seans kit\release\seanskit.obj
d:\downloads\leagueplusplus-master (1)\leagueplusplus-master\seans kit\seans kit\release\pluginsdk.obj
d:\downloads\leagueplusplus-master (1)\leagueplusplus-master\seans kit\seans kit\release\lucian.obj
d:\downloads\leagueplusplus-master (1)\leagueplusplus-master\seans kit\seans kit\release\caitlyn.obj
d:\downloads\leagueplusplus-master (1)\leagueplusplus-master\seans kit\seans kit\release\leesin.obj
d:\downloads\leagueplusplus-master (1)\leagueplusplus-master\seans kit\release\seans kit.dll
d:\downloads\leagueplusplus-master (1)\leagueplusplus-master\seans kit\release\seans kit.pdb
d:\downloads\leagueplusplus-master (1)\leagueplusplus-master\seans kit\release\seans kit.lib
d:\downloads\leagueplusplus-master (1)\leagueplusplus-master\seans kit\release\seans kit.exp
d:\downloads\leagueplusplus-master (1)\leagueplusplus-master\seans kit\release\seans kit.ipdb
d:\downloads\leagueplusplus-master (1)\leagueplusplus-master\seans kit\release\seans kit.iobj
d:\downloads\leagueplusplus-master (1)\leagueplusplus-master\seans kit\seans kit\release\seans kit.tlog\cl.command.1.tlog
d:\downloads\leagueplusplus-master (1)\leagueplusplus-master\seans kit\seans kit\release\seans kit.tlog\cl.read.1.tlog
d:\downloads\leagueplusplus-master (1)\leagueplusplus-master\seans kit\seans kit\release\seans kit.tlog\cl.write.1.tlog
d:\downloads\leagueplusplus-master (1)\leagueplusplus-master\seans kit\seans kit\release\seans kit.tlog\link.command.1.tlog
d:\downloads\leagueplusplus-master (1)\leagueplusplus-master\seans kit\seans kit\release\seans kit.tlog\link.read.1.tlog
d:\downloads\leagueplusplus-master (1)\leagueplusplus-master\seans kit\seans kit\release\seans kit.tlog\link.write.1.tlog
d:\downloads\leagueplusplus-master (1)\leagueplusplus-master\seans kit\seans kit\release\seans kit.tlog\seans kit.write.1u.tlog
